# JRE version: OpenJDK Runtime Environment (11.0.6+8) (build 11.0.6+8-b520.43)
# Java VM: OpenJDK 64-Bit Server VM (11.0.6+8-b520.43, mixed mode, tiered, compressed oops, g1 gc, windows-amd64)
Heap:
 garbage-first heap   total 155648K, used 18749K [0x0000000082e00000, 0x0000000100000000)
  region size 1024K, 6 young (6144K), 6 survivors (6144K)
 Metaspace       used 47069K, capacity 48387K, committed 48512K, reserved 1103872K
  class space    used 6185K, capacity 6709K, committed 6784K, reserved 1048576K
GC Heap History (16 events):
Event: 1.456 GC heap before
{Heap before GC invocations=0 (full 0):
 garbage-first heap   total 129024K, used 24576K [0x0000000082e00000, 0x0000000100000000)
  region size 1024K, 24 young (24576K), 0 survivors (0K)
 Metaspace       used 14282K, capacity 14706K, committed 14976K, reserved 1062912K
  class space    used 1506K, capacity 1628K, committed 1664K, reserved 1048576K
}
Event: 1.464 GC heap after
{Heap after GC invocations=1 (full 0):
 garbage-first heap   total 129024K, used 7599K [0x0000000082e00000, 0x0000000100000000)
  region size 1024K, 3 young (3072K), 3 survivors (3072K)
 Metaspace       used 14282K, capacity 14706K, committed 14976K, reserved 1062912K
  class space    used 1506K, capacity 1628K, committed 1664K, reserved 1048576K
}
Event: 1.648 GC heap before
{Heap before GC invocations=1 (full 0):
 garbage-first heap   total 129024K, used 23983K [0x0000000082e00000, 0x0000000100000000)
  region size 1024K, 19 young (19456K), 3 survivors (3072K)
 Metaspace       used 17983K, capacity 18550K, committed 18688K, reserved 1064960K
  class space    used 1996K, capacity 2228K, committed 2304K, reserved 1048576K
}
Event: 1.656 GC heap after
{Heap after GC invocations=2 (full 0):
 garbage-first heap   total 129024K, used 8832K [0x0000000082e00000, 0x0000000100000000)
  region size 1024K, 2 young (2048K), 2 survivors (2048K)
 Metaspace       used 17983K, capacity 18550K, committed 18688K, reserved 1064960K
  class space    used 1996K, capacity 2228K, committed 2304K, reserved 1048576K
}
Event: 1.820 GC heap before
{Heap before GC invocations=2 (full 0):
 garbage-first heap   total 129024K, used 29312K [0x0000000082e00000, 0x0000000100000000)
  region size 1024K, 23 young (23552K), 2 survivors (2048K)
 Metaspace       used 20466K, capacity 21110K, committed 21248K, reserved 1067008K
  class space    used 2461K, capacity 2720K, committed 2816K, reserved 1048576K
}
Event: 1.823 GC heap after
{Heap after GC invocations=3 (full 0):
 garbage-first heap   total 129024K, used 9754K [0x0000000082e00000, 0x0000000100000000)
  region size 1024K, 2 young (2048K), 2 survivors (2048K)
 Metaspace       used 20466K, capacity 21110K, committed 21248K, reserved 1067008K
  class space    used 2461K, capacity 2720K, committed 2816K, reserved 1048576K
}
Event: 2.273 GC heap before
{Heap before GC invocations=4 (full 0):
 garbage-first heap   total 129024K, used 66074K [0x0000000082e00000, 0x0000000100000000)
  region size 1024K, 58 young (59392K), 2 survivors (2048K)
 Metaspace       used 26298K, capacity 27094K, committed 27136K, reserved 1073152K
  class space    used 3221K, capacity 3549K, committed 3584K, reserved 1048576K
}
Event: 2.280 GC heap after
{Heap after GC invocations=5 (full 0):
 garbage-first heap   total 129024K, used 11338K [0x0000000082e00000, 0x0000000100000000)
  region size 1024K, 4 young (4096K), 4 survivors (4096K)
 Metaspace       used 26298K, capacity 27094K, committed 27136K, reserved 1073152K
  class space    used 3221K, capacity 3549K, committed 3584K, reserved 1048576K
}
Event: 3.076 GC heap before
{Heap before GC invocations=5 (full 0):
 garbage-first heap   total 129024K, used 75850K [0x0000000082e00000, 0x0000000100000000)
  region size 1024K, 68 young (69632K), 4 survivors (4096K)
 Metaspace       used 29393K, capacity 30392K, committed 30464K, reserved 1075200K
  class space    used 3661K, capacity 4045K, committed 4096K, reserved 1048576K
}
Event: 3.087 GC heap after
{Heap after GC invocations=6 (full 0):
 garbage-first heap   total 129024K, used 12837K [0x0000000082e00000, 0x0000000100000000)
  region size 1024K, 5 young (5120K), 5 survivors (5120K)
 Metaspace       used 29393K, capacity 30392K, committed 30464K, reserved 1075200K
  class space    used 3661K, capacity 4045K, committed 4096K, reserved 1048576K
}
Event: 3.873 GC heap before
{Heap before GC invocations=6 (full 0):
 garbage-first heap   total 129024K, used 55845K [0x0000000082e00000, 0x0000000100000000)
  region size 1024K, 48 young (49152K), 5 survivors (5120K)
 Metaspace       used 34672K, capacity 35819K, committed 35840K, reserved 1081344K
  class space    used 4373K, capacity 4845K, committed 4864K, reserved 1048576K
}
Event: 3.897 GC heap after
{Heap after GC invocations=7 (full 0):
 garbage-first heap   total 155648K, used 15765K [0x0000000082e00000, 0x0000000100000000)
  region size 1024K, 8 young (8192K), 8 survivors (8192K)
 Metaspace       used 34672K, capacity 35819K, committed 35840K, reserved 1081344K
  class space    used 4373K, capacity 4845K, committed 4864K, reserved 1048576K
}
Event: 4.748 GC heap before
{Heap before GC invocations=8 (full 0):
 garbage-first heap   total 155648K, used 91541K [0x0000000082e00000, 0x0000000100000000)
  region size 1024K, 83 young (84992K), 8 survivors (8192K)
 Metaspace       used 40277K, capacity 41492K, committed 41856K, reserved 1085440K
  class space    used 5160K, capacity 5648K, committed 5760K, reserved 1048576K
}
Event: 4.759 GC heap after
{Heap after GC invocations=9 (full 0):
 garbage-first heap   total 155648K, used 17350K [0x0000000082e00000, 0x0000000100000000)
  region size 1024K, 7 young (7168K), 7 survivors (7168K)
 Metaspace       used 40277K, capacity 41492K, committed 41856K, reserved 1085440K
  class space    used 5160K, capacity 5648K, committed 5760K, reserved 1048576K
}
Event: 5.623 GC heap before
{Heap before GC invocations=9 (full 0):
 garbage-first heap   total 155648K, used 53190K [0x0000000082e00000, 0x0000000100000000)
  region size 1024K, 43 young (44032K), 7 survivors (7168K)
 Metaspace       used 47069K, capacity 48387K, committed 48512K, reserved 1101824K
  class space    used 6185K, capacity 6709K, committed 6784K, reserved 1048576K
}
Event: 5.635 GC heap after
{Heap after GC invocations=10 (full 0):
 garbage-first heap   total 155648K, used 18749K [0x0000000082e00000, 0x0000000100000000)
  region size 1024K, 6 young (6144K), 6 survivors (6144K)
 Metaspace       used 47069K, capacity 48387K, committed 48512K, reserved 1101824K
  class space    used 6185K, capacity 6709K, committed 6784K, reserved 1048576K
}

